INFO: 2025/09/08 14:39:38 main.go:26: 123
INFO: 2025/09/08 14:43:34 main.go:19: application is running
INFO: 2025/09/08 15:07:36 main.go:19: application is running
INFO: 2025/09/08 15:09:05 main.go:19: application is running
INFO: 2025/09/08 15:09:35 cmd.go:87: "Событие:", e.Title, "добавлено"
INFO: 2025/09/08 16:23:25 main.go:19: application is running
INFO: 2025/09/08 16:23:30 main.go:19: application is running
INFO: 2025/09/08 16:30:46 main.go:19: application is running
INFO: 2025/09/08 16:31:54 main.go:19: application is running
INFO: 2025/09/08 16:32:06 main.go:19: application is running
INFO: 2025/09/08 16:32:48 main.go:19: application is running
INFO: 2025/09/08 16:32:59 main.go:19: application is running
INFO: 2025/09/08 16:33:10 main.go:19: application is running
INFO: 2025/09/08 16:33:18 main.go:19: application is running
INFO: 2025/09/08 16:33:25 main.go:19: application is running
INFO: 2025/09/08 16:33:51 main.go:19: application is running
INFO: 2025/09/08 16:36:10 main.go:19: application is running
INFO: 2025/09/08 16:36:51 main.go:19: application is running
INFO: 2025/09/08 16:37:20 main.go:19: application is running
INFO: 2025/09/08 16:37:29 main.go:19: application is running
INFO: 2025/09/08 16:37:52 main.go:19: application is running
INFO: 2025/09/08 16:40:04 main.go:19: application is running
INFO: 2025/09/08 16:40:14 main.go:19: application is running
INFO: 2025/09/08 16:42:40 main.go:19: application is running
INFO: 2025/09/08 16:42:56 main.go:19: application is running
INFO: 2025/09/08 16:43:11 main.go:19: application is running
INFO: 2025/09/08 16:43:38 main.go:19: application is running
INFO: 2025/09/08 16:50:21 main.go:19: application is running
INFO: 2025/09/08 16:53:53 main.go:19: application is running
INFO: 2025/09/08 17:12:13 main.go:19: application is running
INFO: 2025/09/08 17:47:15 main.go:19: application is running
INFO: 2025/09/08 17:48:56 main.go:19: application is running
INFO: 2025/09/08 17:53:25 main.go:19: application is running
INFO: 2025/09/08 17:59:28 main.go:19: application is running
INFO: 2025/09/08 18:12:05 main.go:19: application is running
INFO: 2025/09/08 18:12:38 main.go:19: application is running
INFO: 2025/09/08 18:13:16 main.go:19: application is running
INFO: 2025/09/08 18:13:29 main.go:19: application is running
INFO: 2025/09/08 18:14:37 main.go:19: application is running
INFO: 2025/09/08 18:15:32 cmd.go:74: "Событие:", e.Title, "добавлено"
INFO: 2025/09/08 18:16:02 main.go:19: application is running
INFO: 2025/09/08 18:16:20 cmd.go:74: "Событие:", e.Title, "добавлено"
INFO: 2025/09/08 18:16:49 main.go:19: application is running
INFO: 2025/09/08 18:17:00 cmd.go:74: "Событие:", e.Title, "добавлено"
INFO: 2025/09/08 18:17:56 main.go:19: application is running
INFO: 2025/09/08 18:18:20 main.go:19: application is running
INFO: 2025/09/08 18:18:49 main.go:19: application is running
INFO: 2025/09/08 18:19:00 main.go:19: application is running
INFO: 2025/09/08 18:19:12 main.go:19: application is running
INFO: 2025/09/08 18:20:18 main.go:19: application is running
ERROR: 2025/09/08 18:20:47 cmd.go:71: failed to add calendar events
ERROR: 2025/09/08 18:21:25 cmd.go:71: failed to add calendar events
INFO: 2025/09/08 18:21:28 main.go:19: application is running
ERROR: 2025/09/08 18:21:32 cmd.go:71: failed to add calendar eventsневерный формат даты
INFO: 2025/09/08 18:22:09 main.go:19: application is running
ERROR: 2025/09/08 18:22:20 cmd.go:71: failed to add calendar events: неверный формат даты
INFO: 2025/09/08 18:22:24 main.go:19: application is running
ERROR: 2025/09/08 18:22:26 cmd.go:71: failed to add calendar events: неверный формат даты
INFO: 2025/09/08 18:22:40 main.go:19: application is running
ERROR: 2025/09/08 18:22:44 cmd.go:71: failed to add calendar events: неверный формат даты
INFO: 2025/09/09 09:13:11 main.go:19: application is running
ERROR: 2025/09/09 09:13:41 cmd.go:71: failed to add calendar events: the title is repeated
INFO: 2025/09/09 09:13:48 cmd.go:74: "Событие:", e.Title, "добавлено"
INFO: 2025/09/09 09:20:13 main.go:19: application is running
INFO: 2025/09/09 09:28:04 main.go:19: application is running
INFO: 2025/09/09 09:35:14 main.go:19: application is running
INFO: 2025/09/09 09:37:02 main.go:19: application is running
INFO: 2025/09/09 09:37:58 cmd.go:74: "Событие:", e.Title, "добавлено"
INFO: 2025/09/09 12:13:17 main.go:19: application is running
INFO: 2025/09/09 12:14:43 main.go:19: application is running
INFO: 2025/09/09 12:16:22 main.go:19: application is running
INFO: 2025/09/09 12:27:58 main.go:19: application is running
INFO: 2025/09/09 12:28:29 main.go:19: application is running
INFO: 2025/09/09 12:29:24 main.go:19: application is running
INFO: 2025/09/09 12:29:44 cmd.go:74: "Событие:", e.Title, "добавлено"
INFO: 2025/09/09 12:29:57 main.go:19: application is running
INFO: 2025/09/09 12:30:28 cmd.go:74: "Событие:", e.Title, "добавлено"
INFO: 2025/09/09 12:30:32 main.go:19: application is running
INFO: 2025/09/09 12:30:52 main.go:19: application is running
INFO: 2025/09/09 12:31:49 main.go:19: application is running
INFO: 2025/09/09 12:32:20 main.go:19: application is running
INFO: 2025/09/09 12:34:15 main.go:19: application is running
INFO: 2025/09/09 12:35:08 main.go:19: application is running
INFO: 2025/09/09 12:35:09 main.go:19: application is running
INFO: 2025/09/09 12:35:19 main.go:19: application is running
INFO: 2025/09/09 12:42:15 main.go:19: application is running
INFO: 2025/09/09 12:43:27 main.go:19: application is running
INFO: 2025/09/09 12:47:37 main.go:19: application is running
INFO: 2025/09/09 12:48:45 main.go:19: application is running
INFO: 2025/09/09 12:49:11 main.go:19: application is running
INFO: 2025/09/09 12:50:55 main.go:19: application is running
INFO: 2025/09/09 12:52:34 main.go:19: application is running
INFO: 2025/09/09 12:53:32 main.go:19: application is running
INFO: 2025/09/09 12:55:21 main.go:19: application is running
INFO: 2025/09/09 12:58:45 main.go:19: application is running
INFO: 2025/09/09 12:59:16 main.go:19: application is running
INFO: 2025/09/09 12:59:48 main.go:19: application is running
INFO: 2025/09/09 12:59:51 main.go:19: application is running
INFO: 2025/09/09 13:00:28 main.go:19: application is running
INFO: 2025/09/09 13:00:32 main.go:19: application is running
INFO: 2025/09/09 13:00:39 main.go:19: application is running
INFO: 2025/09/09 13:01:28 main.go:19: application is running
INFO: 2025/09/09 13:01:58 main.go:19: application is running
INFO: 2025/09/09 13:04:00 main.go:19: application is running
INFO: 2025/09/09 13:04:32 cmd.go:79: "Событие:", e.Title, "добавлено"
INFO: 2025/09/09 13:06:25 main.go:19: application is running
INFO: 2025/09/09 13:06:26 cmd.go:182: application is exiting
INFO: 2025/09/09 13:06:27 main.go:19: application is running
INFO: 2025/09/09 13:06:44 cmd.go:182: application is exiting
INFO: 2025/09/09 13:10:01 main.go:19: application is running
INFO: 2025/09/09 13:10:21 cmd.go:79: "Событие:", e.Title, "добавлено"
INFO: 2025/09/09 13:10:22 cmd.go:182: application is exiting
INFO: 2025/09/09 13:10:32 main.go:19: application is running
INFO: 2025/09/09 13:12:21 main.go:19: application is running
INFO: 2025/09/09 13:15:06 main.go:19: application is running
INFO: 2025/09/09 13:15:23 main.go:19: application is running
INFO: 2025/09/09 13:15:37 main.go:19: application is running
INFO: 2025/09/09 13:17:16 main.go:19: application is running
INFO: 2025/09/09 13:17:24 main.go:19: application is running
INFO: 2025/09/09 13:19:08 main.go:19: application is running
INFO: 2025/09/09 13:21:32 main.go:19: application is running
INFO: 2025/09/09 13:21:52 main.go:19: application is running
INFO: 2025/09/09 13:28:10 cmd.go:186: application is exiting
INFO: 2025/09/09 13:28:20 main.go:19: application is running
INFO: 2025/09/09 13:31:00 cmd.go:186: application is exiting
INFO: 2025/09/09 13:31:19 main.go:19: application is running
